<?xml version="1.0" encoding="UTF-8"?>
<testng-results ignored="0" total="1" passed="1" failed="0" skipped="0">
  <reporter-output>
  </reporter-output>
  <suite started-at="2022-10-12T18:22:05 IST" name="Suite" finished-at="2022-10-12T18:24:18 IST" duration-ms="132631">
    <groups>
      <group name="Regression">
        <method signature="E2ETest.e2etest()[pri:0, instance:com.mystore.testcases.E2ETest@66d3eec0]" name="e2etest" class="com.mystore.testcases.E2ETest"/>
      </group> <!-- Regression -->
    </groups>
    <test started-at="2022-10-12T18:22:05 IST" name="Test" finished-at="2022-10-12T18:24:18 IST" duration-ms="132631">
      <class name="com.mystore.testcases.E2ETest">
        <test-method is-config="true" signature="loadConfig()[pri:0, instance:com.mystore.testcases.E2ETest@66d3eec0]" started-at="2022-10-12T18:22:05 IST" name="loadConfig" finished-at="2022-10-12T18:22:05 IST" duration-ms="327" status="PASS">
          <reporter-output>
          </reporter-output>
        </test-method> <!-- loadConfig -->
        <test-method is-config="true" signature="setUp(java.lang.String)[pri:0, instance:com.mystore.testcases.E2ETest@66d3eec0]" started-at="2022-10-12T18:22:05 IST" name="setUp" finished-at="2022-10-12T18:22:30 IST" duration-ms="24212" status="PASS">
          <params>
            <param index="0">
              <value>
                <![CDATA[Chrome]]>
              </value>
            </param>
          </params>
          <reporter-output>
          </reporter-output>
        </test-method> <!-- setUp -->
        <test-method signature="e2etest()[pri:0, instance:com.mystore.testcases.E2ETest@66d3eec0]" started-at="2022-10-12T18:22:30 IST" name="e2etest" finished-at="2022-10-12T18:24:18 IST" duration-ms="108031" status="PASS">
          <reporter-output>
          </reporter-output>
        </test-method> <!-- e2etest -->
        <test-method is-config="true" signature="tearDown()[pri:0, instance:com.mystore.testcases.E2ETest@66d3eec0]" started-at="2022-10-12T18:24:18 IST" name="tearDown" finished-at="2022-10-12T18:24:18 IST" duration-ms="347" status="PASS">
          <reporter-output>
          </reporter-output>
        </test-method> <!-- tearDown -->
        <test-method is-config="true" signature="afterSuite()[pri:0, instance:com.mystore.testcases.E2ETest@66d3eec0]" started-at="2022-10-12T18:24:18 IST" name="afterSuite" finished-at="2022-10-12T18:24:19 IST" duration-ms="698" status="PASS">
          <reporter-output>
          </reporter-output>
        </test-method> <!-- afterSuite -->
      </class> <!-- com.mystore.testcases.E2ETest -->
    </test> <!-- Test -->
  </suite> <!-- Suite -->
</testng-results>
