<?xml version="1.0" encoding="UTF-8"?>
<testng-results ignored="14" total="22" passed="8" failed="0" skipped="0">
  <reporter-output>
  </reporter-output>
  <suite started-at="2022-10-12T15:30:36 IST" name="Suite" finished-at="2022-10-12T15:35:46 IST" duration-ms="310360">
    <groups>
      <group name="Sanity">
        <method signature="AccountCreationPageTest.verifyAccountCreationPage(java.lang.String, java.lang.String, java.lang.String, java.lang.String, java.lang.String, java.lang.String, java.lang.String, java.lang.String, java.lang.String, java.lang.String, java.lang.String)[pri:0, instance:com.mystore.testcases.AccountCreationPageTest@6fd83fc1]" name="verifyAccountCreationPage" class="com.mystore.testcases.AccountCreationPageTest"/>
        <method signature="AddToCartPageTest.verifyAddToCartPage()[pri:0, instance:com.mystore.testcases.AddToCartPageTest@1b2abca6]" name="verifyAddToCartPage" class="com.mystore.testcases.AddToCartPageTest"/>
        <method signature="LoginPageTest.verifyLoginPage(java.lang.String, java.lang.String)[pri:0, instance:com.mystore.testcases.LoginPageTest@52af26ee]" name="verifyLoginPage" class="com.mystore.testcases.LoginPageTest"/>
      </group> <!-- Sanity -->
      <group name="Regression">
        <method signature="AddToCartPageTest.verifyAddToCartPage()[pri:0, instance:com.mystore.testcases.AddToCartPageTest@1b2abca6]" name="verifyAddToCartPage" class="com.mystore.testcases.AddToCartPageTest"/>
        <method signature="E2ETest.e2etest()[pri:0, instance:com.mystore.testcases.E2ETest@6392827e]" name="e2etest" class="com.mystore.testcases.E2ETest"/>
        <method signature="OrderPageTest.verifyProductPrice()[pri:0, instance:com.mystore.testcases.OrderPageTest@e15b7e8]" name="verifyProductPrice" class="com.mystore.testcases.OrderPageTest"/>
      </group> <!-- Regression -->
      <group name="Smoke">
        <method signature="HomePageTest.verifyHomePage()[pri:0, instance:com.mystore.testcases.HomePageTest@209da20d]" name="verifyHomePage" class="com.mystore.testcases.HomePageTest"/>
        <method signature="IndexPageTest.verifyIndexPage()[pri:0, instance:com.mystore.testcases.IndexPageTest@4f2b503c]" name="verifyIndexPage" class="com.mystore.testcases.IndexPageTest"/>
        <method signature="LoginPageTest.verifyLoginPage(java.lang.String, java.lang.String)[pri:0, instance:com.mystore.testcases.LoginPageTest@52af26ee]" name="verifyLoginPage" class="com.mystore.testcases.LoginPageTest"/>
        <method signature="SearchResultPageTest.verifySearchResultPage()[pri:0, instance:com.mystore.testcases.SearchResultPageTest@bae7dc0]" name="verifySearchResultPage" class="com.mystore.testcases.SearchResultPageTest"/>
      </group> <!-- Smoke -->
    </groups>
    <test started-at="2022-10-12T15:30:36 IST" name="Test" finished-at="2022-10-12T15:35:46 IST" duration-ms="310360">
      <class name="com.mystore.testcases.AccountCreationPageTest">
        <test-method is-config="true" signature="setUp(java.lang.String)[pri:0, instance:com.mystore.testcases.AccountCreationPageTest@6fd83fc1]" started-at="2022-10-12T15:31:05 IST" name="setUp" finished-at="2022-10-12T15:31:20 IST" duration-ms="15535" status="PASS">
          <params>
            <param index="0">
              <value>
                <![CDATA[Chrome]]>
              </value>
            </param>
          </params>
          <reporter-output>
          </reporter-output>
        </test-method> <!-- setUp -->
        <test-method signature="verifyAccountCreationPage(java.lang.String, java.lang.String, java.lang.String, java.lang.String, java.lang.String, java.lang.String, java.lang.String, java.lang.String, java.lang.String, java.lang.String, java.lang.String)[pri:0, instance:com.mystore.testcases.AccountCreationPageTest@6fd83fc1]" started-at="2022-10-12T15:31:20 IST" name="verifyAccountCreationPage" data-provider="accountcreation" finished-at="2022-10-12T15:31:48 IST" duration-ms="27554" status="PASS">
          <params>
            <param index="0">
              <value>
                <![CDATA[Jakqora@gmail.com]]>
              </value>
            </param>
            <param index="1">
              <value>
                <![CDATA[Javid]]>
              </value>
            </param>
            <param index="2">
              <value>
                <![CDATA[Koras]]>
              </value>
            </param>
            <param index="3">
              <value>
                <![CDATA[Jakoras123%]]>
              </value>
            </param>
            <param index="4">
              <value>
                <![CDATA[ABCD]]>
              </value>
            </param>
            <param index="5">
              <value>
                <![CDATA[Bisan]]>
              </value>
            </param>
            <param index="6">
              <value>
                <![CDATA[Alaska]]>
              </value>
            </param>
            <param index="7">
              <value>
                <![CDATA[68976]]>
              </value>
            </param>
            <param index="8">
              <value>
                <![CDATA[United States]]>
              </value>
            </param>
            <param index="9">
              <value>
                <![CDATA[9089765646]]>
              </value>
            </param>
            <param index="10">
              <value>
                <![CDATA[bvgf]]>
              </value>
            </param>
          </params>
          <reporter-output>
          </reporter-output>
        </test-method> <!-- verifyAccountCreationPage -->
        <test-method is-config="true" signature="tearDown()[pri:0, instance:com.mystore.testcases.AccountCreationPageTest@6fd83fc1]" started-at="2022-10-12T15:31:48 IST" name="tearDown" finished-at="2022-10-12T15:31:48 IST" duration-ms="298" status="PASS">
          <reporter-output>
          </reporter-output>
        </test-method> <!-- tearDown -->
      </class> <!-- com.mystore.testcases.AccountCreationPageTest -->
      <class name="com.mystore.testcases.SearchResultPageTest">
        <test-method is-config="true" signature="setUp(java.lang.String)[pri:0, instance:com.mystore.testcases.SearchResultPageTest@bae7dc0]" started-at="2022-10-12T15:32:10 IST" name="setUp" finished-at="2022-10-12T15:32:29 IST" duration-ms="19479" status="PASS">
          <params>
            <param index="0">
              <value>
                <![CDATA[Chrome]]>
              </value>
            </param>
          </params>
          <reporter-output>
          </reporter-output>
        </test-method> <!-- setUp -->
        <test-method signature="verifySearchResultPage()[pri:0, instance:com.mystore.testcases.SearchResultPageTest@bae7dc0]" started-at="2022-10-12T15:32:29 IST" name="verifySearchResultPage" finished-at="2022-10-12T15:32:35 IST" duration-ms="5400" status="PASS">
          <reporter-output>
          </reporter-output>
        </test-method> <!-- verifySearchResultPage -->
        <test-method is-config="true" signature="tearDown()[pri:0, instance:com.mystore.testcases.SearchResultPageTest@bae7dc0]" started-at="2022-10-12T15:32:35 IST" name="tearDown" finished-at="2022-10-12T15:32:35 IST" duration-ms="276" status="PASS">
          <reporter-output>
          </reporter-output>
        </test-method> <!-- tearDown -->
      </class> <!-- com.mystore.testcases.SearchResultPageTest -->
      <class name="com.mystore.testcases.AddToCartPageTest">
        <test-method is-config="true" signature="setUp(java.lang.String)[pri:0, instance:com.mystore.testcases.AddToCartPageTest@1b2abca6]" started-at="2022-10-12T15:33:42 IST" name="setUp" finished-at="2022-10-12T15:33:59 IST" duration-ms="16899" status="PASS">
          <params>
            <param index="0">
              <value>
                <![CDATA[Chrome]]>
              </value>
            </param>
          </params>
          <reporter-output>
          </reporter-output>
        </test-method> <!-- setUp -->
        <test-method signature="verifyAddToCartPage()[pri:0, instance:com.mystore.testcases.AddToCartPageTest@1b2abca6]" started-at="2022-10-12T15:33:59 IST" name="verifyAddToCartPage" finished-at="2022-10-12T15:34:27 IST" duration-ms="27815" status="PASS">
          <reporter-output>
          </reporter-output>
        </test-method> <!-- verifyAddToCartPage -->
        <test-method is-config="true" signature="tearDown()[pri:0, instance:com.mystore.testcases.AddToCartPageTest@1b2abca6]" started-at="2022-10-12T15:34:27 IST" name="tearDown" finished-at="2022-10-12T15:34:27 IST" duration-ms="262" status="PASS">
          <reporter-output>
          </reporter-output>
        </test-method> <!-- tearDown -->
      </class> <!-- com.mystore.testcases.AddToCartPageTest -->
      <class name="com.mystore.testcases.IndexPageTest">
        <test-method is-config="true" signature="setUp(java.lang.String)[pri:0, instance:com.mystore.testcases.IndexPageTest@4f2b503c]" started-at="2022-10-12T15:31:48 IST" name="setUp" finished-at="2022-10-12T15:32:09 IST" duration-ms="21373" status="PASS">
          <params>
            <param index="0">
              <value>
                <![CDATA[Chrome]]>
              </value>
            </param>
          </params>
          <reporter-output>
          </reporter-output>
        </test-method> <!-- setUp -->
        <test-method signature="verifyIndexPage()[pri:0, instance:com.mystore.testcases.IndexPageTest@4f2b503c]" started-at="2022-10-12T15:32:09 IST" name="verifyIndexPage" finished-at="2022-10-12T15:32:10 IST" duration-ms="57" status="PASS">
          <reporter-output>
          </reporter-output>
        </test-method> <!-- verifyIndexPage -->
        <test-method is-config="true" signature="tearDown()[pri:0, instance:com.mystore.testcases.IndexPageTest@4f2b503c]" started-at="2022-10-12T15:32:10 IST" name="tearDown" finished-at="2022-10-12T15:32:10 IST" duration-ms="243" status="PASS">
          <reporter-output>
          </reporter-output>
        </test-method> <!-- tearDown -->
      </class> <!-- com.mystore.testcases.IndexPageTest -->
      <class name="com.mystore.testcases.OrderPageTest">
        <test-method is-config="true" signature="setUp(java.lang.String)[pri:0, instance:com.mystore.testcases.OrderPageTest@e15b7e8]" started-at="2022-10-12T15:33:01 IST" name="setUp" finished-at="2022-10-12T15:33:16 IST" duration-ms="15194" status="PASS">
          <params>
            <param index="0">
              <value>
                <![CDATA[Chrome]]>
              </value>
            </param>
          </params>
          <reporter-output>
          </reporter-output>
        </test-method> <!-- setUp -->
        <test-method signature="verifyProductPrice()[pri:0, instance:com.mystore.testcases.OrderPageTest@e15b7e8]" started-at="2022-10-12T15:33:16 IST" name="verifyProductPrice" finished-at="2022-10-12T15:33:42 IST" duration-ms="25938" status="PASS">
          <reporter-output>
          </reporter-output>
        </test-method> <!-- verifyProductPrice -->
        <test-method is-config="true" signature="tearDown()[pri:0, instance:com.mystore.testcases.OrderPageTest@e15b7e8]" started-at="2022-10-12T15:33:42 IST" name="tearDown" finished-at="2022-10-12T15:33:42 IST" duration-ms="297" status="PASS">
          <reporter-output>
          </reporter-output>
        </test-method> <!-- tearDown -->
      </class> <!-- com.mystore.testcases.OrderPageTest -->
      <class name="com.mystore.testcases.HomePageTest">
        <test-method is-config="true" signature="setUp(java.lang.String)[pri:0, instance:com.mystore.testcases.HomePageTest@209da20d]" started-at="2022-10-12T15:32:35 IST" name="setUp" finished-at="2022-10-12T15:32:49 IST" duration-ms="13713" status="PASS">
          <params>
            <param index="0">
              <value>
                <![CDATA[Chrome]]>
              </value>
            </param>
          </params>
          <reporter-output>
          </reporter-output>
        </test-method> <!-- setUp -->
        <test-method signature="verifyHomePage()[pri:0, instance:com.mystore.testcases.HomePageTest@209da20d]" started-at="2022-10-12T15:32:49 IST" name="verifyHomePage" finished-at="2022-10-12T15:33:01 IST" duration-ms="11910" status="PASS">
          <reporter-output>
          </reporter-output>
        </test-method> <!-- verifyHomePage -->
        <test-method is-config="true" signature="tearDown()[pri:0, instance:com.mystore.testcases.HomePageTest@209da20d]" started-at="2022-10-12T15:33:01 IST" name="tearDown" finished-at="2022-10-12T15:33:01 IST" duration-ms="268" status="PASS">
          <reporter-output>
          </reporter-output>
        </test-method> <!-- tearDown -->
      </class> <!-- com.mystore.testcases.HomePageTest -->
      <class name="com.mystore.testcases.LoginPageTest">
        <test-method is-config="true" signature="loadConfig()[pri:0, instance:com.mystore.testcases.LoginPageTest@52af26ee]" started-at="2022-10-12T15:30:36 IST" name="loadConfig" finished-at="2022-10-12T15:30:36 IST" duration-ms="211" status="PASS">
          <reporter-output>
          </reporter-output>
        </test-method> <!-- loadConfig -->
        <test-method is-config="true" signature="setUp(java.lang.String)[pri:0, instance:com.mystore.testcases.LoginPageTest@52af26ee]" started-at="2022-10-12T15:30:37 IST" name="setUp" finished-at="2022-10-12T15:30:51 IST" duration-ms="14809" status="PASS">
          <params>
            <param index="0">
              <value>
                <![CDATA[Chrome]]>
              </value>
            </param>
          </params>
          <reporter-output>
          </reporter-output>
        </test-method> <!-- setUp -->
        <test-method signature="verifyLoginPage(java.lang.String, java.lang.String)[pri:0, instance:com.mystore.testcases.LoginPageTest@52af26ee]" started-at="2022-10-12T15:30:51 IST" name="verifyLoginPage" data-provider="credentials" finished-at="2022-10-12T15:31:04 IST" duration-ms="12984" status="PASS">
          <params>
            <param index="0">
              <value>
                <![CDATA[Maby@gmail.com]]>
              </value>
            </param>
            <param index="1">
              <value>
                <![CDATA[Maby@123]]>
              </value>
            </param>
          </params>
          <reporter-output>
          </reporter-output>
        </test-method> <!-- verifyLoginPage -->
        <test-method is-config="true" signature="tearDown()[pri:0, instance:com.mystore.testcases.LoginPageTest@52af26ee]" started-at="2022-10-12T15:31:04 IST" name="tearDown" finished-at="2022-10-12T15:31:05 IST" duration-ms="284" status="PASS">
          <reporter-output>
          </reporter-output>
        </test-method> <!-- tearDown -->
        <test-method is-config="true" signature="afterSuite()[pri:0, instance:com.mystore.testcases.LoginPageTest@52af26ee]" started-at="2022-10-12T15:35:46 IST" name="afterSuite" finished-at="2022-10-12T15:35:47 IST" duration-ms="858" status="PASS">
          <reporter-output>
          </reporter-output>
        </test-method> <!-- afterSuite -->
      </class> <!-- com.mystore.testcases.LoginPageTest -->
      <class name="com.mystore.testcases.E2ETest">
        <test-method is-config="true" signature="setUp(java.lang.String)[pri:0, instance:com.mystore.testcases.E2ETest@6392827e]" started-at="2022-10-12T15:34:27 IST" name="setUp" finished-at="2022-10-12T15:34:41 IST" duration-ms="14044" status="PASS">
          <params>
            <param index="0">
              <value>
                <![CDATA[Chrome]]>
              </value>
            </param>
          </params>
          <reporter-output>
          </reporter-output>
        </test-method> <!-- setUp -->
        <test-method signature="e2etest()[pri:0, instance:com.mystore.testcases.E2ETest@6392827e]" started-at="2022-10-12T15:34:41 IST" name="e2etest" finished-at="2022-10-12T15:35:46 IST" duration-ms="64925" status="PASS">
          <reporter-output>
          </reporter-output>
        </test-method> <!-- e2etest -->
        <test-method is-config="true" signature="tearDown()[pri:0, instance:com.mystore.testcases.E2ETest@6392827e]" started-at="2022-10-12T15:35:46 IST" name="tearDown" finished-at="2022-10-12T15:35:46 IST" duration-ms="279" status="PASS">
          <reporter-output>
          </reporter-output>
        </test-method> <!-- tearDown -->
      </class> <!-- com.mystore.testcases.E2ETest -->
    </test> <!-- Test -->
  </suite> <!-- Suite -->
</testng-results>
