<?xml version="1.0" encoding="UTF-8"?>
<!-- Generated by org.testng.reporters.JUnitXMLReporter -->
<testsuite ignored="0" hostname="TVMATP396133L" failures="1" tests="1" name="Test" time="19.644" errors="0" timestamp="2022-10-16T11:05:32 IST">
  <testcase classname="com.mystore.testcases.IndexPageTest" name="verifyIndexPage" time="0.104">
    <failure type="java.lang.AssertionError" message="expected [false] but found [true]">
      <![CDATA[java.lang.AssertionError: expected [false] but found [true]
at com.mystore.testcases.IndexPageTest.verifyIndexPage(IndexPageTest.java:23)
at java.base/java.util.ArrayList.forEach(ArrayList.java:1511)
... Removed 31 stack frames]]>
    </failure>
  </testcase> <!-- verifyIndexPage -->
</testsuite> <!-- Test -->
